# JRE version: OpenJDK Runtime Environment (8.0) (build 1.8.0-internal-abhi_2016_03_04_12_45-b00)
# Java VM: OpenJDK 64-Bit Server VM (25.0-b70 mixed mode linux-amd64 compressed oops)
Heap:
 PSYoungGen      total 499200K, used 418685K [0x00000000e1700000, 0x0000000100000000, 0x0000000100000000)
  eden space 497664K, 83% used [0x00000000e1700000,0x00000000faf274f0,0x00000000ffd00000)
  from space 1536K, 47% used [0x00000000ffd00000,0x00000000ffdb8000,0x00000000ffe80000)
  to   space 1536K, 0% used [0x00000000ffe80000,0x00000000ffe80000,0x0000000100000000)
 ParOldGen       total 92672K, used 9397K [0x00000000a4400000, 0x00000000a9e80000, 0x00000000e1700000)
  object space 92672K, 10% used [0x00000000a4400000,0x00000000a4d2d5a0,0x00000000a9e80000)
 Metaspace       used 5401K, capacity 5922K, committed 6016K, reserved 1056768K
  class space    used 559K, capacity 609K, committed 640K, reserved 1048576K
GC Heap History (10 events):
Event: 13.767 GC heap before
{Heap before GC invocations=54 (full 1):
 PSYoungGen      total 348160K, used 348016K [0x00000000e1700000, 0x00000000f6f80000, 0x0000000100000000)
  eden space 347136K, 100% used [0x00000000e1700000,0x00000000f6a00000,0x00000000f6a00000)
  from space 1024K, 85% used [0x00000000f6b80000,0x00000000f6c5c030,0x00000000f6c80000)
  to   space 1536K, 0% used [0x00000000f6a00000,0x00000000f6a00000,0x00000000f6b80000)
 ParOldGen       total 92672K, used 6788K [0x00000000a4400000, 0x00000000a9e80000, 0x00000000e1700000)
  object space 92672K, 7% used [0x00000000a4400000,0x00000000a4aa1020,0x00000000a9e80000)
 Metaspace       used 5335K, capacity 5916K, committed 6016K, reserved 1056768K
  class space    used 554K, capacity 608K, committed 640K, reserved 1048576K
Event: 13.769 GC heap after
Heap after GC invocations=54 (full 1):
 PSYoungGen      total 348672K, used 576K [0x00000000e1700000, 0x00000000fb480000, 0x0000000100000000)
  eden space 347136K, 0% used [0x00000000e1700000,0x00000000e1700000,0x00000000f6a00000)
  from space 1536K, 37% used [0x00000000f6a00000,0x00000000f6a90030,0x00000000f6b80000)
  to   space 1536K, 0% used [0x00000000fb300000,0x00000000fb300000,0x00000000fb480000)
 ParOldGen       total 92672K, used 7480K [0x00000000a4400000, 0x00000000a9e80000, 0x00000000e1700000)
  object space 92672K, 8% used [0x00000000a4400000,0x00000000a4b4e210,0x00000000a9e80000)
 Metaspace       used 5335K, capacity 5916K, committed 6016K, reserved 1056768K
  class space    used 554K, capacity 608K, committed 640K, reserved 1048576K
}
Event: 13.835 GC heap before
{Heap before GC invocations=55 (full 1):
 PSYoungGen      total 348672K, used 347712K [0x00000000e1700000, 0x00000000fb480000, 0x0000000100000000)
  eden space 347136K, 100% used [0x00000000e1700000,0x00000000f6a00000,0x00000000f6a00000)
  from space 1536K, 37% used [0x00000000f6a00000,0x00000000f6a90030,0x00000000f6b80000)
  to   space 1536K, 0% used [0x00000000fb300000,0x00000000fb300000,0x00000000fb480000)
 ParOldGen       total 92672K, used 7480K [0x00000000a4400000, 0x00000000a9e80000, 0x00000000e1700000)
  object space 92672K, 8% used [0x00000000a4400000,0x00000000a4b4e210,0x00000000a9e80000)
 Metaspace       used 5340K, capacity 5916K, committed 6016K, reserved 1056768K
  class space    used 554K, capacity 608K, committed 640K, reserved 1048576K
Event: 13.836 GC heap after
Heap after GC invocations=55 (full 1):
 PSYoungGen      total 421888K, used 784K [0x00000000e1700000, 0x00000000fb480000, 0x0000000100000000)
  eden space 420352K, 0% used [0x00000000e1700000,0x00000000e1700000,0x00000000fb180000)
  from space 1536K, 51% used [0x00000000fb300000,0x00000000fb3c4010,0x00000000fb480000)
  to   space 1536K, 0% used [0x00000000fb180000,0x00000000fb180000,0x00000000fb300000)
 ParOldGen       total 92672K, used 7852K [0x00000000a4400000, 0x00000000a9e80000, 0x00000000e1700000)
  object space 92672K, 8% used [0x00000000a4400000,0x00000000a4bab2d0,0x00000000a9e80000)
 Metaspace       used 5340K, capacity 5916K, committed 6016K, reserved 1056768K
  class space    used 554K, capacity 608K, committed 640K, reserved 1048576K
}
Event: 13.920 GC heap before
{Heap before GC invocations=56 (full 1):
 PSYoungGen      total 421888K, used 421136K [0x00000000e1700000, 0x00000000fb480000, 0x0000000100000000)
  eden space 420352K, 100% used [0x00000000e1700000,0x00000000fb180000,0x00000000fb180000)
  from space 1536K, 51% used [0x00000000fb300000,0x00000000fb3c4010,0x00000000fb480000)
  to   space 1536K, 0% used [0x00000000fb180000,0x00000000fb180000,0x00000000fb300000)
 ParOldGen       total 92672K, used 7852K [0x00000000a4400000, 0x00000000a9e80000, 0x00000000e1700000)
  object space 92672K, 8% used [0x00000000a4400000,0x00000000a4bab2d0,0x00000000a9e80000)
 Metaspace       used 5340K, capacity 5916K, committed 6016K, reserved 1056768K
  class space    used 554K, capacity 608K, committed 640K, reserved 1048576K
Event: 13.921 GC heap after
Heap after GC invocations=56 (full 1):
 PSYoungGen      total 421888K, used 800K [0x00000000e1700000, 0x0000000100000000, 0x0000000100000000)
  eden space 420352K, 0% used [0x00000000e1700000,0x00000000e1700000,0x00000000fb180000)
  from space 1536K, 52% used [0x00000000fb180000,0x00000000fb248020,0x00000000fb300000)
  to   space 1536K, 0% used [0x00000000ffe80000,0x00000000ffe80000,0x0000000100000000)
 ParOldGen       total 92672K, used 8348K [0x00000000a4400000, 0x00000000a9e80000, 0x00000000e1700000)
  object space 92672K, 9% used [0x00000000a4400000,0x00000000a4c273f0,0x00000000a9e80000)
 Metaspace       used 5340K, capacity 5916K, committed 6016K, reserved 1056768K
  class space    used 554K, capacity 608K, committed 640K, reserved 1048576K
}
Event: 14.001 GC heap before
{Heap before GC invocations=57 (full 1):
 PSYoungGen      total 421888K, used 421152K [0x00000000e1700000, 0x0000000100000000, 0x0000000100000000)
  eden space 420352K, 100% used [0x00000000e1700000,0x00000000fb180000,0x00000000fb180000)
  from space 1536K, 52% used [0x00000000fb180000,0x00000000fb248020,0x00000000fb300000)
  to   space 1536K, 0% used [0x00000000ffe80000,0x00000000ffe80000,0x0000000100000000)
 ParOldGen       total 92672K, used 8348K [0x00000000a4400000, 0x00000000a9e80000, 0x00000000e1700000)
  object space 92672K, 9% used [0x00000000a4400000,0x00000000a4c273f0,0x00000000a9e80000)
 Metaspace       used 5343K, capacity 5916K, committed 6016K, reserved 1056768K
  class space    used 554K, capacity 608K, committed 640K, reserved 1048576K
Event: 14.003 GC heap after
Heap after GC invocations=57 (full 1):
 PSYoungGen      total 499200K, used 928K [0x00000000e1700000, 0x0000000100000000, 0x0000000100000000)
  eden space 497664K, 0% used [0x00000000e1700000,0x00000000e1700000,0x00000000ffd00000)
  from space 1536K, 60% used [0x00000000ffe80000,0x00000000fff68020,0x0000000100000000)
  to   space 1536K, 0% used [0x00000000ffd00000,0x00000000ffd00000,0x00000000ffe80000)
 ParOldGen       total 92672K, used 8837K [0x00000000a4400000, 0x00000000a9e80000, 0x00000000e1700000)
  object space 92672K, 9% used [0x00000000a4400000,0x00000000a4ca14c0,0x00000000a9e80000)
 Metaspace       used 5343K, capacity 5916K, committed 6016K, reserved 1056768K
  class space    used 554K, capacity 608K, committed 640K, reserved 1048576K
}
Event: 14.098 GC heap before
{Heap before GC invocations=58 (full 1):
 PSYoungGen      total 499200K, used 498592K [0x00000000e1700000, 0x0000000100000000, 0x0000000100000000)
  eden space 497664K, 100% used [0x00000000e1700000,0x00000000ffd00000,0x00000000ffd00000)
  from space 1536K, 60% used [0x00000000ffe80000,0x00000000fff68020,0x0000000100000000)
  to   space 1536K, 0% used [0x00000000ffd00000,0x00000000ffd00000,0x00000000ffe80000)
 ParOldGen       total 92672K, used 8837K [0x00000000a4400000, 0x00000000a9e80000, 0x00000000e1700000)
  object space 92672K, 9% used [0x00000000a4400000,0x00000000a4ca14c0,0x00000000a9e80000)
 Metaspace       used 5344K, capacity 5916K, committed 6016K, reserved 1056768K
  class space    used 554K, capacity 608K, committed 640K, reserved 1048576K
Event: 14.099 GC heap after
Heap after GC invocations=58 (full 1):
 PSYoungGen      total 499200K, used 736K [0x00000000e1700000, 0x0000000100000000, 0x0000000100000000)
  eden space 497664K, 0% used [0x00000000e1700000,0x00000000e1700000,0x00000000ffd00000)
  from space 1536K, 47% used [0x00000000ffd00000,0x00000000ffdb8000,0x00000000ffe80000)
  to   space 1536K, 0% used [0x00000000ffe80000,0x00000000ffe80000,0x0000000100000000)
 ParOldGen       total 92672K, used 9397K [0x00000000a4400000, 0x00000000a9e80000, 0x00000000e1700000)
  object space 92672K, 10% used [0x00000000a4400000,0x00000000a4d2d5a0,0x00000000a9e80000)
 Metaspace       used 5344K, capacity 5916K, committed 6016K, reserved 1056768K
  class space    used 554K, capacity 608K, committed 640K, reserved 1048576K
}

